Using pre-set license
Built from '2021.3/staging' branch; Version is '2021.3.22f1 (b6c551784ba3) revision 11978065'; Using compiler version '192829333'; Build Type 'Release'
OS: 'Windows 11  (10.0.22621) 64bit CoreSingleLanguage' Language: 'en' Physical Memory: 7926 MB
BatchMode: 1, IsHumanControllingUs: 0, StartBugReporterOnCrash: 0, Is64bit: 1, IsPro: 1

COMMAND LINE ARGUMENTS:
C:\Program Files\Unity\Hub\Editor\2021.3.22f1\Editor\Unity.exe
-adb2
-batchMode
-noUpm
-name
AssetImportWorker1
-projectPath
C:/Users/adviti/virt_book
-logFile
Logs/AssetImportWorker1.log
-srvPort
64075
Successfully changed project path to: C:/Users/adviti/virt_book
C:/Users/adviti/virt_book
[UnityMemory] Configuration Parameters - Can be set up in boot.config
    "memorysetup-bucket-allocator-granularity=16"
    "memorysetup-bucket-allocator-bucket-count=8"
    "memorysetup-bucket-allocator-block-size=33554432"
    "memorysetup-bucket-allocator-block-count=8"
    "memorysetup-main-allocator-block-size=16777216"
    "memorysetup-thread-allocator-block-size=16777216"
    "memorysetup-gfx-main-allocator-block-size=16777216"
    "memorysetup-gfx-thread-allocator-block-size=16777216"
    "memorysetup-cache-allocator-block-size=4194304"
    "memorysetup-typetree-allocator-block-size=2097152"
    "memorysetup-profiler-bucket-allocator-granularity=16"
    "memorysetup-profiler-bucket-allocator-bucket-count=8"
    "memorysetup-profiler-bucket-allocator-block-size=33554432"
    "memorysetup-profiler-bucket-allocator-block-count=8"
    "memorysetup-profiler-allocator-block-size=16777216"
    "memorysetup-profiler-editor-allocator-block-size=1048576"
    "memorysetup-temp-allocator-size-main=16777216"
    "memorysetup-job-temp-allocator-block-size=2097152"
    "memorysetup-job-temp-allocator-block-size-background=1048576"
    "memorysetup-job-temp-allocator-reduction-small-platforms=262144"
    "memorysetup-temp-allocator-size-background-worker=32768"
    "memorysetup-temp-allocator-size-job-worker=262144"
    "memorysetup-temp-allocator-size-preload-manager=33554432"
    "memorysetup-temp-allocator-size-nav-mesh-worker=65536"
    "memorysetup-temp-allocator-size-audio-worker=65536"
    "memorysetup-temp-allocator-size-cloud-worker=32768"
    "memorysetup-temp-allocator-size-gi-baking-worker=262144"
    "memorysetup-temp-allocator-size-gfx=262144"
Player connection [4968] Host "[IP] 127.0.2.2 [Port] 0 [Flags] 2 [Guid] 1673958560 [EditorId] 1673958560 [Version] 1048832 [Id] WindowsEditor(7,DESKTOP-81436DB) [Debug] 1 [PackageName] WindowsEditor [ProjectName] Editor" joined multi-casting on [225.0.0.222:54997]...

Player connection [4968] Host "[IP] 127.0.2.2 [Port] 0 [Flags] 2 [Guid] 1673958560 [EditorId] 1673958560 [Version] 1048832 [Id] WindowsEditor(7,DESKTOP-81436DB) [Debug] 1 [PackageName] WindowsEditor [ProjectName] Editor" joined alternative multi-casting on [225.0.0.222:34997]...

Refreshing native plugins compatible for Editor in 146.43 ms, found 6 plugins.
Preloading 2 native plugins for Editor in 4.20 ms.
Initialize engine version: 2021.3.22f1 (b6c551784ba3)
[Subsystems] Discovering subsystems at path C:/Program Files/Unity/Hub/Editor/2021.3.22f1/Editor/Data/Resources/UnitySubsystems
[Subsystems] Discovering subsystems at path C:/Users/adviti/virt_book/Assets
GfxDevice: creating device client; threaded=0; jobified=0
Direct3D:
    Version:  Direct3D 11.0 [level 11.1]
    Renderer: Intel(R) Iris(R) Xe Graphics (ID=0x9a49)
    Vendor:   Intel
    VRAM:     3963 MB
    Driver:   31.0.101.3616
Initialize mono
Mono path[0] = 'C:/Program Files/Unity/Hub/Editor/2021.3.22f1/Editor/Data/Managed'
Mono path[1] = 'C:/Program Files/Unity/Hub/Editor/2021.3.22f1/Editor/Data/MonoBleedingEdge/lib/mono/unityjit-win32'
Mono config path = 'C:/Program Files/Unity/Hub/Editor/2021.3.22f1/Editor/Data/MonoBleedingEdge/etc'
Using monoOptions --debugger-agent=transport=dt_socket,embedding=1,server=y,suspend=n,address=127.0.0.1:56140
Begin MonoManager ReloadAssembly
Registering precompiled unity dll's ...
Register platform support module: C:/Program Files/Unity/Hub/Editor/2021.3.22f1/Editor/Data/PlaybackEngines/AndroidPlayer/UnityEditor.Android.Extensions.dll
Register platform support module: C:/Program Files/Unity/Hub/Editor/2021.3.22f1/Editor/Data/PlaybackEngines/WindowsStandaloneSupport/UnityEditor.WindowsStandalone.Extensions.dll
Registered in 0.007441 seconds.
Native extension for WindowsStandalone target not found
Native extension for Android target not found
Android Extension - Scanning For ADB Devices 459 ms
Refreshing native plugins compatible for Editor in 118.98 ms, found 6 plugins.
Preloading 2 native plugins for Editor in 0.12 ms.
Mono: successfully reloaded assembly
- Completed reload, in  1.615 seconds
Domain Reload Profiling:
	ReloadAssembly (1616ms)
		BeginReloadAssembly (164ms)
			ExecutionOrderSort (0ms)
			DisableScriptedObjects (0ms)
			BackupInstance (0ms)
			ReleaseScriptingObjects (0ms)
			CreateAndSetChildDomain (1ms)
		EndReloadAssembly (1232ms)
			LoadAssemblies (163ms)
			RebuildTransferFunctionScriptingTraits (0ms)
			SetupTypeCache (182ms)
			ReleaseScriptCaches (0ms)
			RebuildScriptCaches (47ms)
			SetupLoadedEditorAssemblies (930ms)
				LogAssemblyErrors (0ms)
				InitializePlatformSupportModulesInManaged (562ms)
				SetLoadedEditorAssemblies (0ms)
				RefreshPlugins (119ms)
				BeforeProcessingInitializeOnLoad (1ms)
				ProcessInitializeOnLoadAttributes (181ms)
				ProcessInitializeOnLoadMethodAttributes (65ms)
				AfterProcessingInitializeOnLoad (0ms)
				EditorAssembliesLoaded (0ms)
			ExecutionOrderSort2 (0ms)
			AwakeInstancesAfterBackupRestoration (0ms)
Platform modules already initialized, skipping
Registering precompiled user dll's ...
Registered in 0.009474 seconds.
Begin MonoManager ReloadAssembly
Symbol file LoadedFromMemory doesn't match image C:\Users\adviti\virt_book\Library\PackageCache\com.unity.visualscripting@1.8.0\Editor\VisualScripting.Core\Dependencies\YamlDotNet\Unity.VisualScripting.YamlDotNet.dll
Symbol file LoadedFromMemory doesn't match image C:\Users\adviti\virt_book\Library\PackageCache\com.unity.visualscripting@1.8.0\Editor\VisualScripting.Core\Dependencies\DotNetZip\Unity.VisualScripting.IonicZip.dll
Native extension for WindowsStandalone target not found
Native extension for Android target not found
Refreshing native plugins compatible for Editor in 1.55 ms, found 6 plugins.
Preloading 2 native plugins for Editor in 0.17 ms.
Mono: successfully reloaded assembly
- Completed reload, in  1.917 seconds
Domain Reload Profiling:
	ReloadAssembly (1919ms)
		BeginReloadAssembly (272ms)
			ExecutionOrderSort (0ms)
			DisableScriptedObjects (8ms)
			BackupInstance (0ms)
			ReleaseScriptingObjects (0ms)
			CreateAndSetChildDomain (51ms)
		EndReloadAssembly (1384ms)
			LoadAssemblies (236ms)
			RebuildTransferFunctionScriptingTraits (0ms)
			SetupTypeCache (460ms)
			ReleaseScriptCaches (3ms)
			RebuildScriptCaches (113ms)
			SetupLoadedEditorAssemblies (577ms)
				LogAssemblyErrors (0ms)
				InitializePlatformSupportModulesInManaged (32ms)
				SetLoadedEditorAssemblies (1ms)
				RefreshPlugins (2ms)
				BeforeProcessingInitializeOnLoad (143ms)
				ProcessInitializeOnLoadAttributes (346ms)
				ProcessInitializeOnLoadMethodAttributes (48ms)
				AfterProcessingInitializeOnLoad (6ms)
				EditorAssembliesLoaded (0ms)
			ExecutionOrderSort2 (0ms)
			AwakeInstancesAfterBackupRestoration (9ms)
Platform modules already initialized, skipping
========================================================================
Worker process is ready to serve import requests
Launched and connected shader compiler UnityShaderCompiler.exe after 0.09 seconds
Refreshing native plugins compatible for Editor in 1.50 ms, found 6 plugins.
Preloading 2 native plugins for Editor in 0.14 ms.
Unloading 3171 Unused Serialized files (Serialized files now loaded: 0)
Unloading 51 unused Assets / (124.4 KB). Loaded Objects now: 3923.
Memory consumption went from 118.9 MB to 118.8 MB.
Total: 4.913600 ms (FindLiveObjects: 0.592800 ms CreateObjectMapping: 0.385600 ms MarkObjects: 3.636100 ms  DeleteObjects: 0.296800 ms)

AssetImportParameters requested are different than current active one (requested -> active):
  custom:video-decoder-ogg-theora: a1e56fd34408186e4bbccfd4996cb3dc -> 
  custom:container-muxer-webm: aa71ff27fc2769a1b78a27578f13a17b -> 
  custom:container-demuxer-webm: 4f35f7cbe854078d1ac9338744f61a02 -> 
  custom:video-encoder-webm-vp8: eb34c28f22e8b96e1ab97ce403110664 -> 
  custom:video-codec-MediaFoundation-h265: 746d11721c4dcdbdad8f713fa42b33f4 -> 
  custom:audio-encoder-webm-vorbis: bf7c407c2cedff20999df2af8eb42d56 -> 
  custom:framework-win-MediaFoundation: 216162199b28c13a410421893ffa2e32 -> 
  custom:container-demuxer-ogg: 62fdf1f143b41e24485cea50d1cbac27 -> 
  custom:video-decoder-webm-vp8: 9c59270c3fd7afecdb556c50c9e8de78 -> 
  custom:audio-decoder-ogg-vorbis: bf7c407c2cedff20999df2af8eb42d56 -> 
========================================================================
Received Import Request.
  Time since last request: 202930.435451 seconds.
  path: Assets/scripts/AppQuit.cs
  artifactKey: Guid(4f80d6db75b1ed243bb72d8e9b3062e2) Importer(815301076,1909f56bfc062723c751e8b465ee728b)
Start importing Assets/scripts/AppQuit.cs using Guid(4f80d6db75b1ed243bb72d8e9b3062e2) Importer(815301076,1909f56bfc062723c751e8b465ee728b)  -> (artifact id: '69883c203bb3e571fb872577c67e6546') in 0.062549 seconds 
========================================================================
Received Prepare
Refreshing native plugins compatible for Editor in 28.24 ms, found 6 plugins.
Preloading 2 native plugins for Editor in 0.16 ms.
Unloading 44 Unused Serialized files (Serialized files now loaded: 0)
Unloading 46 unused Assets / (87.8 KB). Loaded Objects now: 3921.
Memory consumption went from 52.5 MB to 52.4 MB.
Total: 10.238600 ms (FindLiveObjects: 0.715900 ms CreateObjectMapping: 0.394600 ms MarkObjects: 8.975200 ms  DeleteObjects: 0.151000 ms)

AssetImportParameters requested are different than current active one (requested -> active):
  custom:video-decoder-ogg-theora: a1e56fd34408186e4bbccfd4996cb3dc -> 
  custom:container-muxer-webm: aa71ff27fc2769a1b78a27578f13a17b -> 
  custom:container-demuxer-webm: 4f35f7cbe854078d1ac9338744f61a02 -> 
  custom:video-encoder-webm-vp8: eb34c28f22e8b96e1ab97ce403110664 -> 
  custom:video-codec-MediaFoundation-h265: 746d11721c4dcdbdad8f713fa42b33f4 -> 
  custom:audio-encoder-webm-vorbis: bf7c407c2cedff20999df2af8eb42d56 -> 
  custom:framework-win-MediaFoundation: 216162199b28c13a410421893ffa2e32 -> 
  custom:container-demuxer-ogg: 62fdf1f143b41e24485cea50d1cbac27 -> 
  custom:video-decoder-webm-vp8: 9c59270c3fd7afecdb556c50c9e8de78 -> 
  custom:audio-decoder-ogg-vorbis: bf7c407c2cedff20999df2af8eb42d56 -> 
========================================================================
Received Prepare
Refreshing native plugins compatible for Editor in 8.52 ms, found 6 plugins.
Preloading 2 native plugins for Editor in 0.09 ms.
Unloading 44 Unused Serialized files (Serialized files now loaded: 0)
Unloading 44 unused Assets / (87.8 KB). Loaded Objects now: 3921.
Memory consumption went from 52.5 MB to 52.4 MB.
Total: 5.380100 ms (FindLiveObjects: 0.704100 ms CreateObjectMapping: 0.305700 ms MarkObjects: 4.141100 ms  DeleteObjects: 0.223800 ms)

AssetImportParameters requested are different than current active one (requested -> active):
  custom:video-decoder-ogg-theora: a1e56fd34408186e4bbccfd4996cb3dc -> 
  custom:container-muxer-webm: aa71ff27fc2769a1b78a27578f13a17b -> 
  custom:container-demuxer-webm: 4f35f7cbe854078d1ac9338744f61a02 -> 
  custom:video-encoder-webm-vp8: eb34c28f22e8b96e1ab97ce403110664 -> 
  custom:video-codec-MediaFoundation-h265: 746d11721c4dcdbdad8f713fa42b33f4 -> 
  custom:audio-encoder-webm-vorbis: bf7c407c2cedff20999df2af8eb42d56 -> 
  custom:framework-win-MediaFoundation: 216162199b28c13a410421893ffa2e32 -> 
  custom:container-demuxer-ogg: 62fdf1f143b41e24485cea50d1cbac27 -> 
  custom:video-decoder-webm-vp8: 9c59270c3fd7afecdb556c50c9e8de78 -> 
  custom:audio-decoder-ogg-vorbis: bf7c407c2cedff20999df2af8eb42d56 -> 
========================================================================
Received Prepare
Registering precompiled user dll's ...
Registered in 0.014077 seconds.
Begin MonoManager ReloadAssembly
Symbol file LoadedFromMemory doesn't match image C:\Users\adviti\virt_book\Library\PackageCache\com.unity.visualscripting@1.8.0\Editor\VisualScripting.Core\Dependencies\YamlDotNet\Unity.VisualScripting.YamlDotNet.dll
Symbol file LoadedFromMemory doesn't match image C:\Users\adviti\virt_book\Library\PackageCache\com.unity.visualscripting@1.8.0\Editor\VisualScripting.Core\Dependencies\DotNetZip\Unity.VisualScripting.IonicZip.dll
Native extension for WindowsStandalone target not found
Native extension for Android target not found
Refreshing native plugins compatible for Editor in 1.08 ms, found 6 plugins.
Preloading 2 native plugins for Editor in 0.14 ms.
Mono: successfully reloaded assembly
- Completed reload, in  2.909 seconds
Domain Reload Profiling:
	ReloadAssembly (2911ms)
		BeginReloadAssembly (551ms)
			ExecutionOrderSort (0ms)
			DisableScriptedObjects (33ms)
			BackupInstance (0ms)
			ReleaseScriptingObjects (0ms)
			CreateAndSetChildDomain (166ms)
		EndReloadAssembly (1976ms)
			LoadAssemblies (327ms)
			RebuildTransferFunctionScriptingTraits (0ms)
			SetupTypeCache (984ms)
			ReleaseScriptCaches (8ms)
			RebuildScriptCaches (166ms)
			SetupLoadedEditorAssemblies (545ms)
				LogAssemblyErrors (0ms)
				InitializePlatformSupportModulesInManaged (21ms)
				SetLoadedEditorAssemblies (0ms)
				RefreshPlugins (1ms)
				BeforeProcessingInitializeOnLoad (90ms)
				ProcessInitializeOnLoadAttributes (399ms)
				ProcessInitializeOnLoadMethodAttributes (28ms)
				AfterProcessingInitializeOnLoad (6ms)
				EditorAssembliesLoaded (0ms)
			ExecutionOrderSort2 (0ms)
			AwakeInstancesAfterBackupRestoration (8ms)
Platform modules already initialized, skipping
Refreshing native plugins compatible for Editor in 4.36 ms, found 6 plugins.
Preloading 2 native plugins for Editor in 0.08 ms.
Unloading 3129 Unused Serialized files (Serialized files now loaded: 0)
Unloading 45 unused Assets / (90.6 KB). Loaded Objects now: 3923.
Memory consumption went from 114.8 MB to 114.7 MB.
Total: 3.507500 ms (FindLiveObjects: 0.382600 ms CreateObjectMapping: 0.152200 ms MarkObjects: 2.846400 ms  DeleteObjects: 0.124400 ms)

AssetImportParameters requested are different than current active one (requested -> active):
  custom:video-decoder-ogg-theora: a1e56fd34408186e4bbccfd4996cb3dc -> 
  custom:container-muxer-webm: aa71ff27fc2769a1b78a27578f13a17b -> 
  custom:container-demuxer-webm: 4f35f7cbe854078d1ac9338744f61a02 -> 
  custom:video-encoder-webm-vp8: eb34c28f22e8b96e1ab97ce403110664 -> 
  custom:video-codec-MediaFoundation-h265: 746d11721c4dcdbdad8f713fa42b33f4 -> 
  custom:audio-encoder-webm-vorbis: bf7c407c2cedff20999df2af8eb42d56 -> 
  custom:framework-win-MediaFoundation: 216162199b28c13a410421893ffa2e32 -> 
  custom:container-demuxer-ogg: 62fdf1f143b41e24485cea50d1cbac27 -> 
  custom:video-decoder-webm-vp8: 9c59270c3fd7afecdb556c50c9e8de78 -> 
  custom:audio-decoder-ogg-vorbis: bf7c407c2cedff20999df2af8eb42d56 -> 
========================================================================
Received Import Request.
  Time since last request: 426.812995 seconds.
  path: Assets/png/Dead (2).png
  artifactKey: Guid(526154afcc93b5646959efb0b82968ad) Importer(815301076,1909f56bfc062723c751e8b465ee728b)
Start importing Assets/png/Dead (2).png using Guid(526154afcc93b5646959efb0b82968ad) Importer(815301076,1909f56bfc062723c751e8b465ee728b)  -> (artifact id: 'ee3ccc6837de621a60ed76940cabeac3') in 0.258023 seconds 
========================================================================
Received Import Request.
  Time since last request: 0.000077 seconds.
  path: Assets/png/Dead (7).png
  artifactKey: Guid(d7c4d6720086342438d4e748e0a74ec2) Importer(815301076,1909f56bfc062723c751e8b465ee728b)
Start importing Assets/png/Dead (7).png using Guid(d7c4d6720086342438d4e748e0a74ec2) Importer(815301076,1909f56bfc062723c751e8b465ee728b)  -> (artifact id: '11dac3c51d0895489ae815f567346734') in 0.064553 seconds 
========================================================================
Received Import Request.
  Time since last request: 0.000180 seconds.
  path: Assets/png/Dead (8).png
  artifactKey: Guid(06d1f00dd252e31459431b4254b6d8d4) Importer(815301076,1909f56bfc062723c751e8b465ee728b)
Start importing Assets/png/Dead (8).png using Guid(06d1f00dd252e31459431b4254b6d8d4) Importer(815301076,1909f56bfc062723c751e8b465ee728b)  -> (artifact id: '5dac3bedc93aa10d8b534d0ce3e70c0b') in 0.077145 seconds 
========================================================================
Received Import Request.
  Time since last request: 0.000049 seconds.
  path: Assets/png/Dead (4).png
  artifactKey: Guid(2a0427536133481448473c28c4137999) Importer(815301076,1909f56bfc062723c751e8b465ee728b)
Start importing Assets/png/Dead (4).png using Guid(2a0427536133481448473c28c4137999) Importer(815301076,1909f56bfc062723c751e8b465ee728b)  -> (artifact id: '98044cbe309c18c6ae3e87a5be0a579a') in 0.047081 seconds 
========================================================================
Received Import Request.
  Time since last request: 1.247898 seconds.
  path: Assets/png/Idle (2).png
  artifactKey: Guid(92cdbb604bf14d84190efaa4d5c77505) Importer(815301076,1909f56bfc062723c751e8b465ee728b)
Start importing Assets/png/Idle (2).png using Guid(92cdbb604bf14d84190efaa4d5c77505) Importer(815301076,1909f56bfc062723c751e8b465ee728b)  -> (artifact id: '3670d592c457276fe0cef87f0938a606') in 0.050590 seconds 
========================================================================
Received Import Request.
  Time since last request: 0.272106 seconds.
  path: Assets/png/Idle (4).png
  artifactKey: Guid(f10ed2b4f4d38ce4598cb4c876a26db1) Importer(815301076,1909f56bfc062723c751e8b465ee728b)
Start importing Assets/png/Idle (4).png using Guid(f10ed2b4f4d38ce4598cb4c876a26db1) Importer(815301076,1909f56bfc062723c751e8b465ee728b)  -> (artifact id: '7b1714e8ee95c0b1c2e148d6cc489965') in 0.041369 seconds 
========================================================================
Received Import Request.
  Time since last request: 0.359884 seconds.
  path: Assets/png/Idle (6).png
  artifactKey: Guid(328c3d4606786694785a9a2e38d5e5d9) Importer(815301076,1909f56bfc062723c751e8b465ee728b)
Start importing Assets/png/Idle (6).png using Guid(328c3d4606786694785a9a2e38d5e5d9) Importer(815301076,1909f56bfc062723c751e8b465ee728b)  -> (artifact id: 'debe87c57232998eac0c7bc7134ad530') in 0.056399 seconds 
========================================================================
Received Import Request.
  Time since last request: 3.589544 seconds.
  path: Assets/png/Jump (1).png
  artifactKey: Guid(e7c1b6edf415fd94599ecf97920d17f5) Importer(815301076,1909f56bfc062723c751e8b465ee728b)
Start importing Assets/png/Jump (1).png using Guid(e7c1b6edf415fd94599ecf97920d17f5) Importer(815301076,1909f56bfc062723c751e8b465ee728b)  -> (artifact id: '5e0cd33ac86a9a2db663b0811360e290') in 0.034821 seconds 
========================================================================
Received Import Request.
  Time since last request: 6.140406 seconds.
  path: Assets/png/Melee (2).png
  artifactKey: Guid(dd7032c4362fa5d489582f95428de62d) Importer(815301076,1909f56bfc062723c751e8b465ee728b)
Start importing Assets/png/Melee (2).png using Guid(dd7032c4362fa5d489582f95428de62d) Importer(815301076,1909f56bfc062723c751e8b465ee728b)  -> (artifact id: '714297aadcef1656ae2b2ebc9dcc56fb') in 0.042831 seconds 
========================================================================
Received Import Request.
  Time since last request: 0.275103 seconds.
  path: Assets/png/Melee (4).png
  artifactKey: Guid(54c1bd863c09d7f40900db3cea68666e) Importer(815301076,1909f56bfc062723c751e8b465ee728b)
Start importing Assets/png/Melee (4).png using Guid(54c1bd863c09d7f40900db3cea68666e) Importer(815301076,1909f56bfc062723c751e8b465ee728b)  -> (artifact id: 'c5ca935662a2a4c7f9d77a39e20a6ed7') in 0.048044 seconds 
========================================================================
Received Import Request.
  Time since last request: 0.536681 seconds.
  path: Assets/png/Melee (6).png
  artifactKey: Guid(948b8baf7fd7f5d48aa2b81d6f0ae2af) Importer(815301076,1909f56bfc062723c751e8b465ee728b)
Start importing Assets/png/Melee (6).png using Guid(948b8baf7fd7f5d48aa2b81d6f0ae2af) Importer(815301076,1909f56bfc062723c751e8b465ee728b)  -> (artifact id: 'dd5617cfce3a5ebb6142cb2be892ef16') in 0.161608 seconds 
========================================================================
Received Import Request.
  Time since last request: 0.205018 seconds.
  path: Assets/png/RoundedRectange.png
  artifactKey: Guid(9cabfb1b05d5b944680fad81520630c4) Importer(815301076,1909f56bfc062723c751e8b465ee728b)
Start importing Assets/png/RoundedRectange.png using Guid(9cabfb1b05d5b944680fad81520630c4) Importer(815301076,1909f56bfc062723c751e8b465ee728b)  -> (artifact id: '313576cd06730a5aa7b54ad24bcfddbf') in 0.048536 seconds 
========================================================================
Received Import Request.
  Time since last request: 56.452085 seconds.
  path: Assets/png/Run (4).png
  artifactKey: Guid(5cf6739ebd8a3364499a317ef502a4c0) Importer(815301076,1909f56bfc062723c751e8b465ee728b)
Start importing Assets/png/Run (4).png using Guid(5cf6739ebd8a3364499a317ef502a4c0) Importer(815301076,1909f56bfc062723c751e8b465ee728b)  -> (artifact id: '9615a9a600e8318a893af258f233ecae') in 0.038851 seconds 
========================================================================
Received Import Request.
  Time since last request: 0.000042 seconds.
  path: Assets/png/Run (5).png
  artifactKey: Guid(da724ba382e38bd49aae73ffc6f20d43) Importer(815301076,1909f56bfc062723c751e8b465ee728b)
Start importing Assets/png/Run (5).png using Guid(da724ba382e38bd49aae73ffc6f20d43) Importer(815301076,1909f56bfc062723c751e8b465ee728b)  -> (artifact id: 'a1f8b6b9377c60ddf76e3c60fc3dc1d3') in 0.037116 seconds 
========================================================================
Received Import Request.
  Time since last request: 0.000059 seconds.
  path: Assets/png/Run (7).png
  artifactKey: Guid(b6776eb54b0634840bdf693fe192c2e6) Importer(815301076,1909f56bfc062723c751e8b465ee728b)
Start importing Assets/png/Run (7).png using Guid(b6776eb54b0634840bdf693fe192c2e6) Importer(815301076,1909f56bfc062723c751e8b465ee728b)  -> (artifact id: '6f3dc0e2a7d52325558c0b8b46901a55') in 0.036067 seconds 
========================================================================
Received Import Request.
  Time since last request: 0.000059 seconds.
  path: Assets/png/Shoot (3).png
  artifactKey: Guid(03c4d734f09caf446b2c76ab69982b87) Importer(815301076,1909f56bfc062723c751e8b465ee728b)
Start importing Assets/png/Shoot (3).png using Guid(03c4d734f09caf446b2c76ab69982b87) Importer(815301076,1909f56bfc062723c751e8b465ee728b)  -> (artifact id: 'e3fc2400fcfec03bf7ac8136f29f7ef7') in 0.031989 seconds 
========================================================================
Received Import Request.
  Time since last request: 0.000077 seconds.
  path: Assets/png/Slide (5).png
  artifactKey: Guid(c8293aa2c01ed6e42b00eb36121c915d) Importer(815301076,1909f56bfc062723c751e8b465ee728b)
Start importing Assets/png/Slide (5).png using Guid(c8293aa2c01ed6e42b00eb36121c915d) Importer(815301076,1909f56bfc062723c751e8b465ee728b)  -> (artifact id: 'aa27f0c19f3eb19ade85c888750ccdfc') in 0.036373 seconds 
========================================================================
Received Import Request.
  Time since last request: 0.000132 seconds.
  path: Assets/png/Slide (3).png
  artifactKey: Guid(aa06adb8f25305047990ca21a96a2c74) Importer(815301076,1909f56bfc062723c751e8b465ee728b)
Start importing Assets/png/Slide (3).png using Guid(aa06adb8f25305047990ca21a96a2c74) Importer(815301076,1909f56bfc062723c751e8b465ee728b)  -> (artifact id: '236e12a4cca618e71749884af0479f7b') in 0.039059 seconds 
========================================================================
Received Import Request.
  Time since last request: 0.000063 seconds.
  path: Assets/png/Slide (4).png
  artifactKey: Guid(1c45c2e8d67226849898591e9c6927ad) Importer(815301076,1909f56bfc062723c751e8b465ee728b)
Start importing Assets/png/Slide (4).png using Guid(1c45c2e8d67226849898591e9c6927ad) Importer(815301076,1909f56bfc062723c751e8b465ee728b)  -> (artifact id: '7ec841e4cbe056e1baa2a466bacbb257') in 0.037067 seconds 
========================================================================
Received Prepare
Registering precompiled user dll's ...
Registered in 0.012964 seconds.
Begin MonoManager ReloadAssembly
Symbol file LoadedFromMemory doesn't match image C:\Users\adviti\virt_book\Library\PackageCache\com.unity.visualscripting@1.8.0\Editor\VisualScripting.Core\Dependencies\YamlDotNet\Unity.VisualScripting.YamlDotNet.dll
Symbol file LoadedFromMemory doesn't match image C:\Users\adviti\virt_book\Library\PackageCache\com.unity.visualscripting@1.8.0\Editor\VisualScripting.Core\Dependencies\DotNetZip\Unity.VisualScripting.IonicZip.dll
Native extension for WindowsStandalone target not found
Native extension for Android target not found
Refreshing native plugins compatible for Editor in 1.80 ms, found 6 plugins.
Preloading 2 native plugins for Editor in 0.29 ms.
Mono: successfully reloaded assembly
- Completed reload, in  2.374 seconds
Domain Reload Profiling:
	ReloadAssembly (2376ms)
		BeginReloadAssembly (257ms)
			ExecutionOrderSort (0ms)
			DisableScriptedObjects (10ms)
			BackupInstance (0ms)
			ReleaseScriptingObjects (0ms)
			CreateAndSetChildDomain (79ms)
		EndReloadAssembly (1966ms)
			LoadAssemblies (153ms)
			RebuildTransferFunctionScriptingTraits (0ms)
			SetupTypeCache (936ms)
			ReleaseScriptCaches (4ms)
			RebuildScriptCaches (128ms)
			SetupLoadedEditorAssemblies (609ms)
				LogAssemblyErrors (0ms)
				InitializePlatformSupportModulesInManaged (47ms)
				SetLoadedEditorAssemblies (1ms)
				RefreshPlugins (2ms)
				BeforeProcessingInitializeOnLoad (158ms)
				ProcessInitializeOnLoadAttributes (370ms)
				ProcessInitializeOnLoadMethodAttributes (24ms)
				AfterProcessingInitializeOnLoad (5ms)
				EditorAssembliesLoaded (0ms)
			ExecutionOrderSort2 (0ms)
			AwakeInstancesAfterBackupRestoration (9ms)
Platform modules already initialized, skipping
Refreshing native plugins compatible for Editor in 13.45 ms, found 6 plugins.
Preloading 2 native plugins for Editor in 0.18 ms.
Unloading 3176 Unused Serialized files (Serialized files now loaded: 0)
Unloading 57 unused Assets / (0.8 MB). Loaded Objects now: 3970.
Memory consumption went from 122.3 MB to 121.5 MB.
Total: 7.427900 ms (FindLiveObjects: 0.678300 ms CreateObjectMapping: 0.192300 ms MarkObjects: 5.523300 ms  DeleteObjects: 1.031500 ms)

AssetImportParameters requested are different than current active one (requested -> active):
  custom:video-decoder-ogg-theora: a1e56fd34408186e4bbccfd4996cb3dc -> 
  custom:container-muxer-webm: aa71ff27fc2769a1b78a27578f13a17b -> 
  custom:container-demuxer-webm: 4f35f7cbe854078d1ac9338744f61a02 -> 
  custom:video-encoder-webm-vp8: eb34c28f22e8b96e1ab97ce403110664 -> 
  custom:video-codec-MediaFoundation-h265: 746d11721c4dcdbdad8f713fa42b33f4 -> 
  custom:audio-encoder-webm-vorbis: bf7c407c2cedff20999df2af8eb42d56 -> 
  custom:framework-win-MediaFoundation: 216162199b28c13a410421893ffa2e32 -> 
  custom:container-demuxer-ogg: 62fdf1f143b41e24485cea50d1cbac27 -> 
  custom:video-decoder-webm-vp8: 9c59270c3fd7afecdb556c50c9e8de78 -> 
  custom:audio-decoder-ogg-vorbis: bf7c407c2cedff20999df2af8eb42d56 -> 
========================================================================
Received Import Request.
  Time since last request: 510.117645 seconds.
  path: Assets/TextMesh Pro/Examples & Extras/Resources/Fonts & Materials/Bangers SDF.asset
  artifactKey: Guid(125cb55b44b24c4393181402bc6200e6) Importer(815301076,1909f56bfc062723c751e8b465ee728b)
Start importing Assets/TextMesh Pro/Examples & Extras/Resources/Fonts & Materials/Bangers SDF.asset using Guid(125cb55b44b24c4393181402bc6200e6) Importer(815301076,1909f56bfc062723c751e8b465ee728b)  -> (artifact id: 'b62a47aca5db00a16b3bd737f716b7c5') in 0.382886 seconds 
========================================================================
Received Import Request.
  Time since last request: 0.000166 seconds.
  path: Assets/TextMesh Pro/Resources/Fonts & Materials/LiberationSans SDF - Fallback.asset
  artifactKey: Guid(2e498d1c8094910479dc3e1b768306a4) Importer(815301076,1909f56bfc062723c751e8b465ee728b)
Start importing Assets/TextMesh Pro/Resources/Fonts & Materials/LiberationSans SDF - Fallback.asset using Guid(2e498d1c8094910479dc3e1b768306a4) Importer(815301076,1909f56bfc062723c751e8b465ee728b)  -> (artifact id: '75c03ef0685716eb49c849513d3fc62c') in 0.121923 seconds 
========================================================================
Received Import Request.
  Time since last request: 0.000056 seconds.
  path: Assets/TextMesh Pro/Examples & Extras/Resources/Fonts & Materials/Oswald Bold SDF.asset
  artifactKey: Guid(0161d805a3764c089bef00bfe00793f5) Importer(815301076,1909f56bfc062723c751e8b465ee728b)
Start importing Assets/TextMesh Pro/Examples & Extras/Resources/Fonts & Materials/Oswald Bold SDF.asset using Guid(0161d805a3764c089bef00bfe00793f5) Importer(815301076,1909f56bfc062723c751e8b465ee728b)  -> (artifact id: 'bd9ef7191af8e70ca7ec7cf01ac1ed62') in 0.034617 seconds 
========================================================================
Received Prepare
Registering precompiled user dll's ...
Registered in 0.012005 seconds.
Begin MonoManager ReloadAssembly
Symbol file LoadedFromMemory doesn't match image C:\Users\adviti\virt_book\Library\PackageCache\com.unity.visualscripting@1.8.0\Editor\VisualScripting.Core\Dependencies\YamlDotNet\Unity.VisualScripting.YamlDotNet.dll
Symbol file LoadedFromMemory doesn't match image C:\Users\adviti\virt_book\Library\PackageCache\com.unity.visualscripting@1.8.0\Editor\VisualScripting.Core\Dependencies\DotNetZip\Unity.VisualScripting.IonicZip.dll
Native extension for WindowsStandalone target not found
Native extension for Android target not found
Refreshing native plugins compatible for Editor in 2.11 ms, found 6 plugins.
Preloading 2 native plugins for Editor in 0.31 ms.
Mono: successfully reloaded assembly
- Completed reload, in  9.668 seconds
Domain Reload Profiling:
	ReloadAssembly (9677ms)
		BeginReloadAssembly (279ms)
			ExecutionOrderSort (0ms)
			DisableScriptedObjects (8ms)
			BackupInstance (0ms)
			ReleaseScriptingObjects (0ms)
			CreateAndSetChildDomain (100ms)
		EndReloadAssembly (9093ms)
			LoadAssemblies (224ms)
			RebuildTransferFunctionScriptingTraits (0ms)
			SetupTypeCache (4861ms)
			ReleaseScriptCaches (6ms)
			RebuildScriptCaches (143ms)
			SetupLoadedEditorAssemblies (2692ms)
				LogAssemblyErrors (0ms)
				InitializePlatformSupportModulesInManaged (60ms)
				SetLoadedEditorAssemblies (1ms)
				RefreshPlugins (3ms)
				BeforeProcessingInitializeOnLoad (248ms)
				ProcessInitializeOnLoadAttributes (2283ms)
				ProcessInitializeOnLoadMethodAttributes (77ms)
				AfterProcessingInitializeOnLoad (19ms)
				EditorAssembliesLoaded (0ms)
			ExecutionOrderSort2 (0ms)
			AwakeInstancesAfterBackupRestoration (13ms)
Platform modules already initialized, skipping
Refreshing native plugins compatible for Editor in 16.82 ms, found 6 plugins.
Preloading 2 native plugins for Editor in 0.15 ms.
Unloading 3177 Unused Serialized files (Serialized files now loaded: 0)
Unloading 55 unused Assets / (0.7 MB). Loaded Objects now: 4017.
Memory consumption went from 122.7 MB to 122.0 MB.
Total: 8.880700 ms (FindLiveObjects: 0.588100 ms CreateObjectMapping: 0.464300 ms MarkObjects: 7.314000 ms  DeleteObjects: 0.511300 ms)

AssetImportParameters requested are different than current active one (requested -> active):
  custom:video-decoder-ogg-theora: a1e56fd34408186e4bbccfd4996cb3dc -> 
  custom:container-muxer-webm: aa71ff27fc2769a1b78a27578f13a17b -> 
  custom:container-demuxer-webm: 4f35f7cbe854078d1ac9338744f61a02 -> 
  custom:video-encoder-webm-vp8: eb34c28f22e8b96e1ab97ce403110664 -> 
  custom:video-codec-MediaFoundation-h265: 746d11721c4dcdbdad8f713fa42b33f4 -> 
  custom:audio-encoder-webm-vorbis: bf7c407c2cedff20999df2af8eb42d56 -> 
  custom:framework-win-MediaFoundation: 216162199b28c13a410421893ffa2e32 -> 
  custom:container-demuxer-ogg: 62fdf1f143b41e24485cea50d1cbac27 -> 
  custom:video-decoder-webm-vp8: 9c59270c3fd7afecdb556c50c9e8de78 -> 
  custom:audio-decoder-ogg-vorbis: bf7c407c2cedff20999df2af8eb42d56 -> 
========================================================================
Received Prepare
Registering precompiled user dll's ...
Registered in 0.010317 seconds.
Begin MonoManager ReloadAssembly
Symbol file LoadedFromMemory doesn't match image C:\Users\adviti\virt_book\Library\PackageCache\com.unity.visualscripting@1.8.0\Editor\VisualScripting.Core\Dependencies\YamlDotNet\Unity.VisualScripting.YamlDotNet.dll
Symbol file LoadedFromMemory doesn't match image C:\Users\adviti\virt_book\Library\PackageCache\com.unity.visualscripting@1.8.0\Editor\VisualScripting.Core\Dependencies\DotNetZip\Unity.VisualScripting.IonicZip.dll
Native extension for WindowsStandalone target not found
Native extension for Android target not found
Refreshing native plugins compatible for Editor in 2.57 ms, found 6 plugins.
Preloading 2 native plugins for Editor in 0.52 ms.
Mono: successfully reloaded assembly
- Completed reload, in  5.359 seconds
Domain Reload Profiling:
	ReloadAssembly (5368ms)
		BeginReloadAssembly (1903ms)
			ExecutionOrderSort (0ms)
			DisableScriptedObjects (52ms)
			BackupInstance (0ms)
			ReleaseScriptingObjects (1ms)
			CreateAndSetChildDomain (1091ms)
		EndReloadAssembly (3089ms)
			LoadAssemblies (487ms)
			RebuildTransferFunctionScriptingTraits (0ms)
			SetupTypeCache (1229ms)
			ReleaseScriptCaches (9ms)
			RebuildScriptCaches (225ms)
			SetupLoadedEditorAssemblies (1102ms)
				LogAssemblyErrors (0ms)
				InitializePlatformSupportModulesInManaged (66ms)
				SetLoadedEditorAssemblies (8ms)
				RefreshPlugins (3ms)
				BeforeProcessingInitializeOnLoad (207ms)
				ProcessInitializeOnLoadAttributes (738ms)
				ProcessInitializeOnLoadMethodAttributes (71ms)
				AfterProcessingInitializeOnLoad (8ms)
				EditorAssembliesLoaded (1ms)
			ExecutionOrderSort2 (0ms)
			AwakeInstancesAfterBackupRestoration (22ms)
Platform modules already initialized, skipping
Refreshing native plugins compatible for Editor in 14.71 ms, found 6 plugins.
Preloading 2 native plugins for Editor in 0.26 ms.
Unloading 3175 Unused Serialized files (Serialized files now loaded: 0)
Unloading 55 unused Assets / (0.7 MB). Loaded Objects now: 4020.
Memory consumption went from 122.6 MB to 121.9 MB.
Total: 12.017400 ms (FindLiveObjects: 1.882600 ms CreateObjectMapping: 0.710800 ms MarkObjects: 6.767200 ms  DeleteObjects: 2.649900 ms)

AssetImportParameters requested are different than current active one (requested -> active):
  custom:video-decoder-ogg-theora: a1e56fd34408186e4bbccfd4996cb3dc -> 
  custom:container-muxer-webm: aa71ff27fc2769a1b78a27578f13a17b -> 
  custom:container-demuxer-webm: 4f35f7cbe854078d1ac9338744f61a02 -> 
  custom:video-encoder-webm-vp8: eb34c28f22e8b96e1ab97ce403110664 -> 
  custom:video-codec-MediaFoundation-h265: 746d11721c4dcdbdad8f713fa42b33f4 -> 
  custom:audio-encoder-webm-vorbis: bf7c407c2cedff20999df2af8eb42d56 -> 
  custom:framework-win-MediaFoundation: 216162199b28c13a410421893ffa2e32 -> 
  custom:container-demuxer-ogg: 62fdf1f143b41e24485cea50d1cbac27 -> 
  custom:video-decoder-webm-vp8: 9c59270c3fd7afecdb556c50c9e8de78 -> 
  custom:audio-decoder-ogg-vorbis: bf7c407c2cedff20999df2af8eb42d56 -> 
========================================================================
Received Import Request.
  Time since last request: 1996.792374 seconds.
  path: Assets/Book-Page Curl/sprites/shadow.png
  artifactKey: Guid(d48ea1842ab4b3c409d04d8f603d06bf) Importer(815301076,1909f56bfc062723c751e8b465ee728b)
Start importing Assets/Book-Page Curl/sprites/shadow.png using Guid(d48ea1842ab4b3c409d04d8f603d06bf) Importer(815301076,1909f56bfc062723c751e8b465ee728b)  -> (artifact id: '5fd4ec1e4c6ab1ec97df7f53f5d7d90f') in 0.778179 seconds 
========================================================================
Received Import Request.
  Time since last request: 5.206420 seconds.
  path: Assets/Book-Page Curl/Example/prefabs
  artifactKey: Guid(05a28edc12b2a994389fae84584a8d60) Importer(815301076,1909f56bfc062723c751e8b465ee728b)
Start importing Assets/Book-Page Curl/Example/prefabs using Guid(05a28edc12b2a994389fae84584a8d60) Importer(815301076,1909f56bfc062723c751e8b465ee728b)  -> (artifact id: 'f7251aa23224b6016d19e2b49c173576') in 0.021340 seconds 
========================================================================
Received Import Request.
  Time since last request: 2.440585 seconds.
  path: Assets/Book-Page Curl/Example/sprites/P0_Back.png
  artifactKey: Guid(dade6889fe006de4b9ff16ae693b2886) Importer(815301076,1909f56bfc062723c751e8b465ee728b)
Start importing Assets/Book-Page Curl/Example/sprites/P0_Back.png using Guid(dade6889fe006de4b9ff16ae693b2886) Importer(815301076,1909f56bfc062723c751e8b465ee728b)  -> (artifact id: 'ba2ffc59dd1266fb4ca3f26b9f9706fb') in 0.087638 seconds 
========================================================================
Received Import Request.
  Time since last request: 0.000049 seconds.
  path: Assets/Book-Page Curl/Example/sprites/P1_Front.png
  artifactKey: Guid(1446aaef14913c641af0f211a1b53913) Importer(815301076,1909f56bfc062723c751e8b465ee728b)
Start importing Assets/Book-Page Curl/Example/sprites/P1_Front.png using Guid(1446aaef14913c641af0f211a1b53913) Importer(815301076,1909f56bfc062723c751e8b465ee728b)  -> (artifact id: '7b1b7bab4478f7e8689cc59c1bfc3359') in 0.066809 seconds 
========================================================================
Received Import Request.
  Time since last request: 0.000099 seconds.
  path: Assets/Book-Page Curl/Example/sprites/page1.png
  artifactKey: Guid(9f1ddd79b2fa5444b9f0150b809a8dd0) Importer(815301076,1909f56bfc062723c751e8b465ee728b)
Start importing Assets/Book-Page Curl/Example/sprites/page1.png using Guid(9f1ddd79b2fa5444b9f0150b809a8dd0) Importer(815301076,1909f56bfc062723c751e8b465ee728b)  -> (artifact id: '7fe40e8e73db25ac1ec0757a6c2bfc5c') in 0.049364 seconds 
========================================================================
Received Import Request.
  Time since last request: 0.000254 seconds.
  path: Assets/Book-Page Curl/Example/sprites/P2_Back^P3_Front.png
  artifactKey: Guid(8bb21a88bfa20f840a413602a148c0b3) Importer(815301076,1909f56bfc062723c751e8b465ee728b)
Start importing Assets/Book-Page Curl/Example/sprites/P2_Back^P3_Front.png using Guid(8bb21a88bfa20f840a413602a148c0b3) Importer(815301076,1909f56bfc062723c751e8b465ee728b)  -> (artifact id: '5992ea4cac1ba74fe30e2cf359cd0019') in 0.134686 seconds 
========================================================================
Received Import Request.
  Time since last request: 139.104196 seconds.
  path: Assets/Sketchfab For Unity/Dependencies/Resources/defaultModel.png
  artifactKey: Guid(4031f98ad4095c04e8a757b95f992c37) Importer(815301076,1909f56bfc062723c751e8b465ee728b)
Start importing Assets/Sketchfab For Unity/Dependencies/Resources/defaultModel.png using Guid(4031f98ad4095c04e8a757b95f992c37) Importer(815301076,1909f56bfc062723c751e8b465ee728b)  -> (artifact id: '41c6ec16e85eb2d6e25a5b66f15ea6f3') in 0.100150 seconds 
========================================================================
Received Import Request.
  Time since last request: 0.000284 seconds.
  path: Assets/Sketchfab For Unity/Dependencies/Resources/icon.png
  artifactKey: Guid(8800555f70b11f940a10f3203e79b13a) Importer(815301076,1909f56bfc062723c751e8b465ee728b)
Start importing Assets/Sketchfab For Unity/Dependencies/Resources/icon.png using Guid(8800555f70b11f940a10f3203e79b13a) Importer(815301076,1909f56bfc062723c751e8b465ee728b)  -> (artifact id: 'bd58b9de07d95ccb340df7a691415d50') in 0.045457 seconds 
========================================================================
Received Import Request.
  Time since last request: 0.000238 seconds.
  path: Assets/Sketchfab For Unity/Dependencies/Resources/OpenSans-Semibold.ttf
  artifactKey: Guid(ee5666b5e771fec4ca5cd1fc332a5b6d) Importer(815301076,1909f56bfc062723c751e8b465ee728b)
Start importing Assets/Sketchfab For Unity/Dependencies/Resources/OpenSans-Semibold.ttf using Guid(ee5666b5e771fec4ca5cd1fc332a5b6d) Importer(815301076,1909f56bfc062723c751e8b465ee728b)  -> (artifact id: '17476fc6d10272f6925dc694879a1e37') in 0.237340 seconds 
========================================================================
Received Import Request.
  Time since last request: 123.616979 seconds.
  path: Assets/Sketchfab For Unity/Dependencies/Resources/planPrem.png
  artifactKey: Guid(951731ca1a3f48040bd45707362b9cd3) Importer(815301076,1909f56bfc062723c751e8b465ee728b)
Start importing Assets/Sketchfab For Unity/Dependencies/Resources/planPrem.png using Guid(951731ca1a3f48040bd45707362b9cd3) Importer(815301076,1909f56bfc062723c751e8b465ee728b)  -> (artifact id: 'ad3340473f254e5a69cc5acfb69f2258') in 0.066762 seconds 
========================================================================
Received Import Request.
  Time since last request: 0.241074 seconds.
  path: Assets/Sketchfab For Unity/Dependencies/Resources/SketchfabWhite.png
  artifactKey: Guid(25ced97380dae3741bdeec1090f5a0c1) Importer(815301076,1909f56bfc062723c751e8b465ee728b)
Start importing Assets/Sketchfab For Unity/Dependencies/Resources/SketchfabWhite.png using Guid(25ced97380dae3741bdeec1090f5a0c1) Importer(815301076,1909f56bfc062723c751e8b465ee728b)  -> (artifact id: '4f91b5a9f269478d9508dbef66b061bc') in 0.058036 seconds 
========================================================================
Received Import Request.
  Time since last request: 0.191607 seconds.
  path: Assets/Sketchfab For Unity/Dependencies/Resources/TitilliumWeb-Bold.ttf
  artifactKey: Guid(e095d0517cc773a4b8ca6410bb7099f1) Importer(815301076,1909f56bfc062723c751e8b465ee728b)
Start importing Assets/Sketchfab For Unity/Dependencies/Resources/TitilliumWeb-Bold.ttf using Guid(e095d0517cc773a4b8ca6410bb7099f1) Importer(815301076,1909f56bfc062723c751e8b465ee728b)  -> (artifact id: 'b36e0fd0d2524110443f94196af97665') in 0.075382 seconds 
